<?xml version="1.0" encoding="UTF-8"?>
<!-- Generated by org.testng.reporters.JUnitXMLReporter -->
<testsuite hostname="DESKTOP-0SP0QG2" ignored="0" name="Test" tests="4" failures="0" timestamp="27 Jul 2024 11:24:20 GMT" time="57.752" errors="0">
  <testcase name="loginTestCase" time="41.324" classname="test.WelcomePageTestCase"/>
  <testcase name="homePageTest" time="4.47" classname="test.WelcomePageTestCase"/>
  <testcase name="readDatafromFile" time="6.816" classname="test.WelcomePageTestCase"/>
  <testcase name="writeData" time="5.01" classname="test.WelcomePageTestCase"/>
</testsuite> <!-- Test -->
